c:\users\eduardarnau\downloads\framework\framework\x64\debug\vc143.pdb
c:\users\eduardarnau\downloads\framework\framework\x64\debug\vc143.idb
c:\users\eduardarnau\downloads\framework\framework\x64\debug\rankingscene.obj
c:\users\eduardarnau\downloads\framework\framework\x64\debug\pad.obj
c:\users\eduardarnau\downloads\framework\framework\x64\debug\mainmenu.obj
c:\users\eduardarnau\downloads\framework\framework\x64\debug\main.obj
c:\users\eduardarnau\downloads\framework\framework\x64\debug\gameplayscene.obj
c:\users\eduardarnau\downloads\framework\framework\x64\debug\gameobject.obj
c:\users\eduardarnau\downloads\framework\framework\x64\debug\consolecontrol.obj
c:\users\eduardarnau\downloads\framework\framework\x64\debug\ball.obj
c:\users\eduardarnau\downloads\framework\framework\x64\debug\framework.ilk
c:\users\eduardarnau\downloads\framework\x64\debug\framework.exe
c:\users\eduardarnau\downloads\framework\x64\debug\framework.pdb
c:\users\eduardarnau\downloads\framework\framework\x64\debug\textobject.obj
c:\users\eduardarnau\downloads\framework\framework\x64\debug\project1.ilk
c:\users\eduardarnau\downloads\framework\framework\x64\debug\framework.tlog\cl.command.1.tlog
c:\users\eduardarnau\downloads\framework\framework\x64\debug\framework.tlog\cl.items.tlog
c:\users\eduardarnau\downloads\framework\framework\x64\debug\framework.tlog\cl.read.1.tlog
c:\users\eduardarnau\downloads\framework\framework\x64\debug\framework.tlog\cl.write.1.tlog
c:\users\eduardarnau\downloads\framework\framework\x64\debug\framework.tlog\link.command.1.tlog
c:\users\eduardarnau\downloads\framework\framework\x64\debug\framework.tlog\link.read.1.tlog
c:\users\eduardarnau\downloads\framework\framework\x64\debug\framework.tlog\link.write.1.tlog
